21:26:51,241  INFO NotificationDaoOperation,main:86 - Registration successfull. Administration will verify the details and approve it!
22:01:44,119  INFO NotificationDaoOperation,main:86 - Registration successfull. Administration will verify the details and approve it!
22:12:32,144  INFO AdminDaoOperation,main:363 - 0 courses in catalogId: 1.
22:12:44,519 ERROR AdminDaoOperation,main:125 - Cannot add or update a child row: a foreign key constraint fails (`crs`.`course`, CONSTRAINT `Course_courseCatalogue_catalogId_fk` FOREIGN KEY (`catalogId`) REFERENCES `coursecatalogue` (`catalogId`))
22:12:48,128  INFO AdminDaoOperation,main:363 - 0 courses in catalogId: 1.
22:13:06,304 ERROR AdminDaoOperation,main:125 - Cannot add or update a child row: a foreign key constraint fails (`crs`.`course`, CONSTRAINT `Course_courseCatalogue_catalogId_fk` FOREIGN KEY (`catalogId`) REFERENCES `coursecatalogue` (`catalogId`))
22:15:17,971  INFO AdminDaoOperation,main:363 - 0 courses in catalogId: 1.
22:15:21,253  INFO AdminDaoOperation,main:115 - 1 course added
22:15:21,253  INFO AdminDaoOperation,main:121 - Course with courseCode: 123 is added to catalog.
22:15:25,933  INFO AdminDaoOperation,main:363 - 1 courses in catalogId: 1.
22:15:47,527  INFO AdminDaoOperation,main:115 - 1 course added
22:15:47,527  INFO AdminDaoOperation,main:121 - Course with courseCode: 6 is added to catalog.
22:16:44,283  INFO AdminDaoOperation,main:230 - 1 user added.
22:16:44,286  INFO AdminDaoOperation,main:236 - User with userId: q added.
22:16:44,294  INFO AdminDaoOperation,main:284 - 1 professor added.
22:16:44,294  INFO AdminDaoOperation,main:290 - Professor with professorId: q added.
22:16:58,234  INFO AdminDaoOperation,main:406 - 1 professors in the institute.
22:16:58,239  INFO AdminDaoOperation,main:363 - 2 courses in catalogId: 1.
22:20:23,790  INFO AdminDaoOperation,main:320 - 1 course assigned.
22:20:23,791  INFO AdminDaoOperation,main:326 - Course with courseCode: 123 is assigned to professor with professorId: q.
22:20:45,270  INFO AdminDaoOperation,main:406 - 1 professors in the institute.
22:20:45,278  INFO AdminDaoOperation,main:363 - 2 courses in catalogId: 1.
22:21:46,379  INFO AdminDaoOperation,main:406 - 1 professors in the institute.
22:21:46,387  INFO AdminDaoOperation,main:363 - 2 courses in catalogId: 1.
22:22:17,846  INFO AdminDaoOperation,main:406 - 1 professors in the institute.
22:22:17,852  INFO AdminDaoOperation,main:363 - 2 courses in catalogId: 1.
22:23:45,137  INFO AdminDaoOperation,main:406 - 1 professors in the institute.
22:23:45,147  INFO AdminDaoOperation,main:363 - 2 courses in catalogId: 1.
22:25:52,025  INFO AdminDaoOperation,main:406 - 1 professors in the institute.
22:25:52,034  INFO AdminDaoOperation,main:363 - 2 courses in catalogId: 1.
22:27:07,633  INFO AdminDaoOperation,main:406 - 1 professors in the institute.
22:27:07,639  INFO AdminDaoOperation,main:363 - 2 courses in catalogId: 1.
22:28:07,189  INFO AdminDaoOperation,main:406 - 1 professors in the institute.
22:28:07,197  INFO AdminDaoOperation,main:363 - 2 courses in catalogId: 1.
22:28:23,706  INFO AdminDaoOperation,main:320 - 1 course assigned.
22:28:23,706  INFO AdminDaoOperation,main:326 - Course with courseCode: 123 is assigned to professor with professorId: q.
22:28:31,244  INFO AdminDaoOperation,main:162 - 1 students have pending-approval.
22:51:20,217  INFO AdminDaoOperation,main:162 - 1 students have pending-approval.
22:52:38,870  INFO AdminDaoOperation,main:162 - 1 students have pending-approval.
14:04:47,183  INFO AdminDaoOperation,main:363 - 2 courses in catalogId: 1.
14:05:09,042  INFO AdminDaoOperation,main:162 - 1 students have pending-approval.
15:18:39,015  INFO AdminDaoOperation,main:393 - 2 courses in catalogId: 1.
15:18:45,275  INFO AdminDaoOperation,main:393 - 2 courses in catalogId: 1.
15:18:52,407  INFO AdminDaoOperation,main:145 - 1 course added
15:18:52,408  INFO AdminDaoOperation,main:151 - Course with courseCode: 1234 is added to catalog.
15:19:43,710  INFO NotificationDaoOperation,main:86 - Registration successfull. Administration will verify the details and approve it!
16:15:38,785  INFO AdminDaoOperation,main:159 - 1 students have pending-approval.
17:23:49,199  INFO AdminDaoOperation,main:331 - 3 courses in catalogId: 1.
17:23:56,671  INFO AdminDaoOperation,main:331 - 3 courses in catalogId: 1.
17:24:05,136  INFO AdminDaoOperation,main:116 - 1 course added
17:24:05,136  INFO AdminDaoOperation,main:122 - Course with courseCode: 2018 is added to catalog.
17:24:15,676  INFO AdminDaoOperation,main:331 - 4 courses in catalogId: 1.
17:24:23,611  INFO AdminDaoOperation,main:85 - 1 entries deleted.
17:24:23,612  INFO AdminDaoOperation,main:91 - Course with courseCode: 6 deleted.
17:24:28,722  INFO AdminDaoOperation,main:331 - 3 courses in catalogId: 1.
17:25:24,432  INFO AdminDaoOperation,main:159 - 1 students have pending-approval.
17:25:28,564  INFO AdminDaoOperation,main:182 - 1 student approved.
17:25:28,601  INFO NotificationDaoOperation,main:67 - Student with id 3 has been approved!
17:25:36,764  INFO AdminDaoOperation,main:159 - 0 students have pending-approval.
17:26:04,867  INFO AdminDaoOperation,main:216 - 1 user added.
17:26:04,868  INFO AdminDaoOperation,main:222 - User with userId: gmail added.
17:26:04,875  INFO AdminDaoOperation,main:264 - 1 professor added.
17:26:04,875  INFO AdminDaoOperation,main:270 - Professor with professorId: gmail added.
17:26:14,724  INFO AdminDaoOperation,main:370 - 5 professors in the institute.
17:26:14,726  INFO AdminDaoOperation,main:331 - 3 courses in catalogId: 1.
17:26:37,600  INFO AdminDaoOperation,main:293 - 1 course assigned.
17:26:37,600  INFO AdminDaoOperation,main:299 - Course with courseCode: 2018 is assigned to professor with professorId: gmail.
17:26:46,639  INFO AdminDaoOperation,main:331 - 3 courses in catalogId: 1.
17:28:42,167  INFO AdminDaoOperation,main:370 - 5 professors in the institute.
17:28:42,171  INFO AdminDaoOperation,main:331 - 3 courses in catalogId: 1.
17:31:15,216  INFO AdminDaoOperation,main:293 - 1 course assigned.
17:31:15,216  INFO AdminDaoOperation,main:299 - Course with courseCode: 123 is assigned to professor with professorId: q.
17:36:48,347 ERROR NotificationOperation,main:41 - Error occurred Unknown column 'cardNumber' in 'field list'
17:37:30,911 ERROR NotificationOperation,main:41 - Error occurred Unknown column 'cardNumber' in 'field list'
17:38:13,366  INFO NotificationDaoOperation,main:64 - Registration successfull. Administration will verify the details and approve it!
